<?xml version="1.0" encoding="UTF-8"?>
<!-- Generated by org.testng.reporters.JUnitXMLReporter -->
<testsuite ignored="1" hostname="DESKTOP-4HU8PPE" failures="0" tests="1" name="Default test" time="15.914" errors="0" timestamp="2025-09-27T15:24:46 IST">
  <testcase classname="com.comcast.crm.contactmodulewithbaseclass.CreateContactTest" name="createContactWithPhone" time="6.52"/>
  <testcase classname="com.comcast.crm.contactmodulewithbaseclass.CreateContactTest" name="createContactTest" time="0.0">
    <ignored/>
  </testcase> <!-- createContactTest -->
</testsuite> <!-- Default test -->
