<?xml version="1.0" encoding="UTF-8"?>
<!-- Generated by org.testng.reporters.JUnitXMLReporter -->
<testsuite ignored="2" hostname="DESKTOP-4HU8PPE" failures="0" tests="3" name="chrome" time="62.864" errors="0" timestamp="2025-09-19T12:04:06 IST">
  <testcase classname="com.comcast.crm.contactmodulewithbaseclass.CreateContactTest" name="createContactTest" time="10.723"/>
  <testcase classname="com.comcast.crm.orgmodulewithbaseclass.CreateOrganizationTest" name="createOrganizationTest" time="13.583"/>
  <testcase classname="com.comcast.crm.orgmodulewithbaseclass.CreateOrganizationTest" name="createOrganizationWithIndustryTest" time="9.328"/>
  <testcase classname="com.comcast.crm.baseclassutility.BaseClass" name="@AfterSuite configAS" time="0.0">
    <ignored/>
  </testcase> <!-- @AfterSuite configAS -->
  <testcase classname="com.comcast.crm.baseclassutility.BaseClass" name="@BeforeSuite configBS" time="0.0">
    <ignored/>
  </testcase> <!-- @BeforeSuite configBS -->
</testsuite> <!-- chrome -->
