<?xml version="1.0" encoding="UTF-8"?>
<!-- Generated by org.testng.reporters.JUnitXMLReporter -->
<testsuite ignored="0" hostname="DESKTOP-4HU8PPE" failures="0" tests="2" name="Test2" time="30.338" errors="0" timestamp="2025-10-07T13:12:07 IST">
  <testcase classname="com.comcast.crm.orgmodulewithbaseclass.CreateOrganizationTest" name="createOrganizationTest" time="10.315"/>
  <testcase classname="com.comcast.crm.orgmodulewithbaseclass.CreateOrganizationTest" name="createOrganizationWithIndustryTest" time="8.165"/>
</testsuite> <!-- Test2 -->
