<?xml version="1.0" encoding="UTF-8"?>
<!-- Generated by org.testng.reporters.JUnitXMLReporter -->
<testsuite ignored="0" hostname="DESKTOP-4HU8PPE" failures="0" tests="2" name="Test1" time="29.522" errors="0" timestamp="2025-10-07T13:12:06 IST">
  <testcase classname="com.comcast.crm.contactmodulewithbaseclass.CreateContactTest" name="createContactTest" time="6.066"/>
  <testcase classname="com.comcast.crm.contactmodulewithbaseclass.CreateContactTest" name="createContactWithPhone" time="6.048"/>
</testsuite> <!-- Test1 -->
