<?xml version="1.0" encoding="UTF-8"?>
<!-- Generated by org.testng.reporters.JUnitXMLReporter -->
<testsuite ignored="2" hostname="DESKTOP-4HU8PPE" failures="0" tests="4" name="Test" time="44.668" errors="0" timestamp="2025-10-07T13:13:40 IST">
  <testcase classname="com.comcast.crm.contactmodulewithbaseclass.CreateContactTest" name="createContactTest" time="6.113"/>
  <testcase classname="com.comcast.crm.contactmodulewithbaseclass.CreateContactTest" name="createContactWithPhone" time="5.335"/>
  <testcase classname="com.comcast.crm.orgmodulewithbaseclass.CreateOrganizationTest" name="createOrganizationTest" time="5.749"/>
  <testcase classname="com.comcast.crm.orgmodulewithbaseclass.CreateOrganizationTest" name="createOrganizationWithIndustryTest" time="5.886"/>
  <testcase classname="com.comcast.crm.baseclassutility.BaseClass" name="@BeforeSuite configBS" time="0.0">
    <ignored/>
  </testcase> <!-- @BeforeSuite configBS -->
  <testcase classname="com.comcast.crm.baseclassutility.BaseClass" name="@AfterSuite configAS" time="0.0">
    <ignored/>
  </testcase> <!-- @AfterSuite configAS -->
</testsuite> <!-- Test -->
