<?xml version="1.0" encoding="UTF-8"?>
<!-- Generated by org.testng.reporters.JUnitReportReporter -->
<testsuite hostname="DESKTOP-4HU8PPE" failures="0" tests="1" name="com.comcast.crm.contactmodulewithbaseclass.CreateContactTest" time="16.404" errors="0" timestamp="2025-09-20T15:44:03 IST" skipped="0">
  <testcase classname="com.comcast.crm.contactmodulewithbaseclass.CreateContactTest" name="createContactTest" time="16.404"/>
  <system-out>
    <![CDATA[[ ACC33996 ] amazon_631 - Organization Information
PASS
amazon_631
PASS]]>
  </system-out>
</testsuite> <!-- com.comcast.crm.contactmodulewithbaseclass.CreateContactTest -->
