<?xml version="1.0" encoding="UTF-8"?>
<!-- Generated by org.testng.reporters.JUnitReportReporter -->
<testsuite hostname="DESKTOP-4HU8PPE" failures="0" tests="1" name="com.comcast.crm.contactmodulewithbaseclass.CreateContactTest" time="11.227" errors="0" timestamp="2025-09-27T15:24:47 IST" skipped="0">
  <testcase classname="com.comcast.crm.contactmodulewithbaseclass.CreateContactTest" name="createContactWithPhone" time="11.227"/>
</testsuite> <!-- com.comcast.crm.contactmodulewithbaseclass.CreateContactTest -->
