<?xml version="1.0" encoding="UTF-8"?>
<!-- Generated by org.testng.reporters.JUnitXMLReporter -->
<testsuite ignored="1" hostname="DESKTOP-4HU8PPE" failures="1" tests="1" name="Test(failed)" time="9.575" errors="0" timestamp="2025-09-11T15:27:56 IST">
  <testcase classname="practice.test.InvoiceTest1" name="createInvoiceTest" time="0.093">
    <failure type="java.lang.AssertionError" message="expected [Login] but found [Admin123@ Administrator1 - Home - vtiger CRM 5 - Commercial Open Source CRM]">
      <![CDATA[java.lang.AssertionError: expected [Login] but found [Admin123@ Administrator1 - Home - vtiger CRM 5 - Commercial Open Source CRM]
at practice.test.InvoiceTest1.createInvoiceTest(InvoiceTest1.java:13)
at java.base/java.util.ArrayList.forEach(ArrayList.java:1597)
... Removed 31 stack frames]]>
    </failure>
  </testcase> <!-- createInvoiceTest -->
  <testcase classname="practice.test.InvoiceTest1" name="createInvoiceWithContactTest" time="0.0">
    <ignored/>
  </testcase> <!-- createInvoiceWithContactTest -->
</testsuite> <!-- Test(failed) -->
