<?xml version="1.0" encoding="UTF-8"?>
<testng-results ignored="0" total="4" passed="4" failed="0" skipped="0">
  <reporter-output>
    <line>
      <![CDATA[[ ACC34661 ] amazon_6 - Organization Information]]>
    </line>
    <line>
      <![CDATA[PASS]]>
    </line>
    <line>
      <![CDATA[amazon_6]]>
    </line>
    <line>
      <![CDATA[PASS]]>
    </line>
    <line>
      <![CDATA[Energy]]>
    </line>
    <line>
      <![CDATA[PASS]]>
    </line>
  </reporter-output>
  <suite started-at="2025-10-07T13:12:56 IST" name="Suite" finished-at="2025-10-07T13:13:40 IST" duration-ms="44668">
    <groups>
      <group name="regression">
        <method signature="CreateContactTest.createContactWithPhone()[pri:0, instance:com.comcast.crm.contactmodulewithbaseclass.CreateContactTest@e4487af]" name="createContactWithPhone" class="com.comcast.crm.contactmodulewithbaseclass.CreateContactTest"/>
      </group> <!-- regression -->
      <group name="smoke">
        <method signature="CreateContactTest.createContactTest()[pri:0, instance:com.comcast.crm.contactmodulewithbaseclass.CreateContactTest@e4487af]" name="createContactTest" class="com.comcast.crm.contactmodulewithbaseclass.CreateContactTest"/>
      </group> <!-- smoke -->
    </groups>
    <test started-at="2025-10-07T13:12:56 IST" name="Test" finished-at="2025-10-07T13:13:40 IST" duration-ms="44668">
      <class name="com.comcast.crm.orgmodulewithbaseclass.CreateOrganizationTest">
        <test-method is-config="true" signature="configBC(org.testng.xml.XmlTest)[pri:0, instance:com.comcast.crm.orgmodulewithbaseclass.CreateOrganizationTest@ed7f8b4]" started-at="2025-10-07T13:13:19 IST" name="configBC" finished-at="2025-10-07T13:13:21 IST" duration-ms="2053" status="PASS">
          <params>
            <param index="0">
              <value>
                <![CDATA[org.testng.xml.XmlTest@82cdad25]]>
              </value>
            </param>
          </params>
          <reporter-output>
          </reporter-output>
        </test-method> <!-- configBC -->
        <test-method is-config="true" signature="configBM()[pri:0, instance:com.comcast.crm.orgmodulewithbaseclass.CreateOrganizationTest@ed7f8b4]" started-at="2025-10-07T13:13:21 IST" name="configBM" finished-at="2025-10-07T13:13:24 IST" duration-ms="3218" status="PASS">
          <reporter-output>
          </reporter-output>
        </test-method> <!-- configBM -->
        <test-method signature="createOrganizationTest()[pri:0, instance:com.comcast.crm.orgmodulewithbaseclass.CreateOrganizationTest@ed7f8b4]" started-at="2025-10-07T13:13:24 IST" name="createOrganizationTest" finished-at="2025-10-07T13:13:30 IST" duration-ms="5749" status="PASS">
          <reporter-output>
            <line>
              <![CDATA[[ ACC34661 ] amazon_6 - Organization Information]]>
            </line>
            <line>
              <![CDATA[PASS]]>
            </line>
            <line>
              <![CDATA[amazon_6]]>
            </line>
            <line>
              <![CDATA[PASS]]>
            </line>
          </reporter-output>
        </test-method> <!-- createOrganizationTest -->
        <test-method is-config="true" signature="configAM()[pri:0, instance:com.comcast.crm.orgmodulewithbaseclass.CreateOrganizationTest@ed7f8b4]" started-at="2025-10-07T13:13:30 IST" name="configAM" finished-at="2025-10-07T13:13:31 IST" duration-ms="940" status="PASS">
          <reporter-output>
          </reporter-output>
        </test-method> <!-- configAM -->
        <test-method is-config="true" signature="configBM()[pri:0, instance:com.comcast.crm.orgmodulewithbaseclass.CreateOrganizationTest@ed7f8b4]" started-at="2025-10-07T13:13:31 IST" name="configBM" finished-at="2025-10-07T13:13:33 IST" duration-ms="2010" status="PASS">
          <reporter-output>
          </reporter-output>
        </test-method> <!-- configBM -->
        <test-method signature="createOrganizationWithIndustryTest()[pri:0, instance:com.comcast.crm.orgmodulewithbaseclass.CreateOrganizationTest@ed7f8b4]" started-at="2025-10-07T13:13:33 IST" name="createOrganizationWithIndustryTest" finished-at="2025-10-07T13:13:39 IST" duration-ms="5886" status="PASS">
          <reporter-output>
            <line>
              <![CDATA[Energy]]>
            </line>
            <line>
              <![CDATA[PASS]]>
            </line>
          </reporter-output>
        </test-method> <!-- createOrganizationWithIndustryTest -->
        <test-method is-config="true" signature="configAM()[pri:0, instance:com.comcast.crm.orgmodulewithbaseclass.CreateOrganizationTest@ed7f8b4]" started-at="2025-10-07T13:13:39 IST" name="configAM" finished-at="2025-10-07T13:13:40 IST" duration-ms="973" status="PASS">
          <reporter-output>
          </reporter-output>
        </test-method> <!-- configAM -->
        <test-method is-config="true" signature="configAC()[pri:0, instance:com.comcast.crm.orgmodulewithbaseclass.CreateOrganizationTest@ed7f8b4]" started-at="2025-10-07T13:13:40 IST" name="configAC" finished-at="2025-10-07T13:13:40 IST" duration-ms="386" status="PASS">
          <reporter-output>
          </reporter-output>
        </test-method> <!-- configAC -->
      </class> <!-- com.comcast.crm.orgmodulewithbaseclass.CreateOrganizationTest -->
      <class name="com.comcast.crm.contactmodulewithbaseclass.CreateContactTest">
        <test-method is-config="true" signature="configBS()[pri:0, instance:com.comcast.crm.contactmodulewithbaseclass.CreateContactTest@e4487af]" started-at="2025-10-07T13:12:56 IST" name="configBS" finished-at="2025-10-07T13:12:56 IST" duration-ms="32" status="PASS">
          <reporter-output>
          </reporter-output>
        </test-method> <!-- configBS -->
        <test-method is-config="true" signature="configBC(org.testng.xml.XmlTest)[pri:0, instance:com.comcast.crm.contactmodulewithbaseclass.CreateContactTest@e4487af]" started-at="2025-10-07T13:12:56 IST" name="configBC" finished-at="2025-10-07T13:13:00 IST" duration-ms="4053" status="PASS">
          <params>
            <param index="0">
              <value>
                <![CDATA[org.testng.xml.XmlTest@82cdad25]]>
              </value>
            </param>
          </params>
          <reporter-output>
          </reporter-output>
        </test-method> <!-- configBC -->
        <test-method is-config="true" signature="configBM()[pri:0, instance:com.comcast.crm.contactmodulewithbaseclass.CreateContactTest@e4487af]" started-at="2025-10-07T13:13:00 IST" name="configBM" finished-at="2025-10-07T13:13:03 IST" duration-ms="3267" status="PASS">
          <reporter-output>
          </reporter-output>
        </test-method> <!-- configBM -->
        <test-method signature="createContactTest()[pri:0, instance:com.comcast.crm.contactmodulewithbaseclass.CreateContactTest@e4487af]" started-at="2025-10-07T13:13:03 IST" name="createContactTest" finished-at="2025-10-07T13:13:09 IST" duration-ms="6113" status="PASS">
          <reporter-output>
          </reporter-output>
        </test-method> <!-- createContactTest -->
        <test-method is-config="true" signature="configAM()[pri:0, instance:com.comcast.crm.contactmodulewithbaseclass.CreateContactTest@e4487af]" started-at="2025-10-07T13:13:09 IST" name="configAM" finished-at="2025-10-07T13:13:10 IST" duration-ms="1060" status="PASS">
          <reporter-output>
          </reporter-output>
        </test-method> <!-- configAM -->
        <test-method is-config="true" signature="configBM()[pri:0, instance:com.comcast.crm.contactmodulewithbaseclass.CreateContactTest@e4487af]" started-at="2025-10-07T13:13:10 IST" name="configBM" finished-at="2025-10-07T13:13:12 IST" duration-ms="1990" status="PASS">
          <reporter-output>
          </reporter-output>
        </test-method> <!-- configBM -->
        <test-method signature="createContactWithPhone()[pri:0, instance:com.comcast.crm.contactmodulewithbaseclass.CreateContactTest@e4487af]" started-at="2025-10-07T13:13:12 IST" name="createContactWithPhone" finished-at="2025-10-07T13:13:18 IST" duration-ms="5335" status="PASS">
          <reporter-output>
          </reporter-output>
        </test-method> <!-- createContactWithPhone -->
        <test-method is-config="true" signature="configAM()[pri:0, instance:com.comcast.crm.contactmodulewithbaseclass.CreateContactTest@e4487af]" started-at="2025-10-07T13:13:18 IST" name="configAM" finished-at="2025-10-07T13:13:19 IST" duration-ms="953" status="PASS">
          <reporter-output>
          </reporter-output>
        </test-method> <!-- configAM -->
        <test-method is-config="true" signature="configAC()[pri:0, instance:com.comcast.crm.contactmodulewithbaseclass.CreateContactTest@e4487af]" started-at="2025-10-07T13:13:19 IST" name="configAC" finished-at="2025-10-07T13:13:19 IST" duration-ms="464" status="PASS">
          <reporter-output>
          </reporter-output>
        </test-method> <!-- configAC -->
        <test-method is-config="true" signature="configAS()[pri:0, instance:com.comcast.crm.contactmodulewithbaseclass.CreateContactTest@e4487af]" started-at="2025-10-07T13:13:40 IST" name="configAS" finished-at="2025-10-07T13:13:40 IST" duration-ms="0" status="PASS">
          <reporter-output>
          </reporter-output>
        </test-method> <!-- configAS -->
      </class> <!-- com.comcast.crm.contactmodulewithbaseclass.CreateContactTest -->
    </test> <!-- Test -->
  </suite> <!-- Suite -->
</testng-results>
